#
# A fatal error has been detected by the Java Runtime Environment:
#
#  SIGSEGV (0xb) at pc=0x00007fd8e1b29a10, pid=10004, tid=0x00007fd8cc4c9700
#
# JRE version: OpenJDK Runtime Environment (8.0_152-b01) (build 1.8.0_152-release-1024-b01)
# Java VM: OpenJDK 64-Bit Server VM (25.152-b01 mixed mode linux-amd64 compressed oops)
# Problematic frame:
# V  [libjvm.so+0x8b6a10]  MoveAndUpdateClosure::do_addr(HeapWord*, unsigned long)+0x90
#
# Failed to write core dump. Core dumps have been disabled. To enable core dumping, try "ulimit -c unlimited" before starting Java again
#
# If you would like to submit a bug report, please visit:
#   http://bugreport.java.com/bugreport/crash.jsp
#

---------------  T H R E A D  ---------------

Current thread (0x00007fd8dc024000):  GCTaskThread [stack: 0x00007fd8cc3c9000,0x00007fd8cc4ca000] [id=10009]

siginfo: si_signo: 11 (SIGSEGV), si_code: 1 (SEGV_MAPERR), si_addr: 0x0000000001700198

Registers:
RAX=0x00007fd8e2123ca0, RBX=0x00007fd8cc4c8ce0, RCX=0x0000000000000003, RDX=0x00000000c01cc100
RSP=0x00007fd8cc4c8c10, RBP=0x00007fd8cc4c8c30, RSI=0x00007fd8dc075b70, RDI=0x0000000001700190
R8 =0x00000000c01cc100, R9 =0x00007fd8e27021be, R10=0x0000000000048b16, R11=0x00007fd8e2740590
R12=0x0000000000000592, R13=0x0000000000002c90, R14=0x0000000000050000, R15=0x00007fd8e214d440
RIP=0x00007fd8e1b29a10, EFLAGS=0x0000000000010206, CSGSFS=0x002b000000000033, ERR=0x0000000000000004
  TRAPNO=0x000000000000000e

Top of Stack: (sp=0x00007fd8cc4c8c10)
0x00007fd8cc4c8c10:   00007fd8dc075b70 0000000000001400
0x00007fd8cc4c8c20:   00007fd8e2112d28 00007fd8cc4c8ce0
0x00007fd8cc4c8c30:   00007fd8cc4c8c80 00007fd8e1ae0804
0x00007fd8cc4c8c40:   0000000000048b16 0000000000050000
0x00007fd8cc4c8c50:   00007fd8cc4c8cc0 00000000c0280000
0x00007fd8cc4c8c60:   0000000000000003 0000000000000018
0x00007fd8cc4c8c70:   00007fd8cc4c8ce0 0000000000000004
0x00007fd8cc4c8c80:   00007fd8cc4c8d50 00007fd8e1b2fbcd
0x00007fd8cc4c8c90:   0000000000007ff8 00007fd8e2d97078
0x00007fd8cc4c8ca0:   0000000000009c8f 00007fd8cc4c8cc0
0x00007fd8cc4c8cb0:   00007fd8cc4c8cd0 00007fd8dc075b70
0x00007fd8cc4c8cc0:   0000004d00000000 00007fd8c4718828
0x00007fd8cc4c8cd0:   00000000c5bb9a70 0000000000000000
0x00007fd8cc4c8ce0:   00007fd8e2108d40 00007fd8e214d440
0x00007fd8cc4c8cf0:   00007fd8dc075b70 00000000000067e0
0x00007fd8cc4c8d00:   00000000c0242c28 00007fd8dc019260
0x00007fd8cc4c8d10:   00000000c01cc100 00007fd8dc025200
0x00007fd8cc4c8d20:   00007fd8dc020140 00007fd8dc075690
0x00007fd8cc4c8d30:   00007fd8dc075b70 0000000000000000
0x00007fd8cc4c8d40:   00007fd8e2149470 0000000000000002
0x00007fd8cc4c8d50:   00007fd8cc4c8dc0 00007fd8e1b23330
0x00007fd8cc4c8d60:   0000000000000003 0000000000000000
0x00007fd8cc4c8d70:   0000000900000005 00007fd8dc024000
0x00007fd8cc4c8d80:   0000000a00000005 00007fd8e1a8988f
0x00007fd8cc4c8d90:   00007fd8dc020140 00007fd8dc075b70
0x00007fd8cc4c8da0:   0000000000000002 00007fd8dc020001
0x00007fd8cc4c8db0:   00007fd8e2142801 0000000000000002
0x00007fd8cc4c8dc0:   00007fd8cc4c8e00 00007fd8e1b06f8a
0x00007fd8cc4c8dd0:   00007fd8cc4c8e00 0000000000000001
0x00007fd8cc4c8de0:   00007fd8b4349b50 00007fd8e1ce277b
0x00007fd8cc4c8df0:   00007fd8dc024000 00007fd8e2142708
0x00007fd8cc4c8e00:   00007fd8cc4c8f10 00007fd8e17f7ef2 

Instructions: (pc=0x00007fd8e1b29a10)
0x00007fd8e1b299f0:   4c 89 ea e8 88 54 94 ff 48 8b 53 30 48 8d 05 81
0x00007fd8e1b29a00:   8f 61 00 48 8b 73 10 80 38 00 75 44 48 8b 7a 08
0x00007fd8e1b29a10:   81 7f 08 ff ff ff bf 77 0d 48 8b 07 ff 90 28 01
0x00007fd8e1b29a20:   00 00 48 8b 53 30 48 8b 43 18 4c 01 6b 20 4c 01 

Register to memory mapping:

RAX=0x00007fd8e2123ca0: <offset 0xeb0ca0> in /home/lyn/Programs/android-studio/jre/jre/lib/amd64/server/libjvm.so at 0x00007fd8e1273000
RBX=0x00007fd8cc4c8ce0 is an unknown value
RCX=0x0000000000000003 is an unknown value
RDX=
[error occurred during error reporting (printing register info), id 0xb]

Stack: [0x00007fd8cc3c9000,0x00007fd8cc4ca000],  sp=0x00007fd8cc4c8c10,  free space=1023k
Native frames: (J=compiled Java code, j=interpreted, Vv=VM code, C=native code)
V  [libjvm.so+0x8b6a10]  MoveAndUpdateClosure::do_addr(HeapWord*, unsigned long)+0x90
V  [libjvm.so+0x86d804]  ParMarkBitMap::iterate(ParMarkBitMapClosure*, unsigned long, unsigned long) const+0x134
V  [libjvm.so+0x8bcbcd]  PSParallelCompact::fill_region(ParCompactionManager*, unsigned long)+0x25d
V  [libjvm.so+0x8b0330]  ParCompactionManager::drain_region_stacks()+0x160
V  [libjvm.so+0x893f8a]  DrainStacksCompactionTask::do_it(GCTaskManager*, unsigned int)+0xaa
V  [libjvm.so+0x584ef2]  GCTaskThread::run()+0x162
V  [libjvm.so+0x850032]  java_start(Thread*)+0xf2


---------------  P R O C E S S  ---------------

Java Threads: ( => current thread )
  0x00007fd854059800 JavaThread "RMI RenewClean-[localhost:45697,org.jetbrains.kotlin.daemon.common.LoopbackNetworkInterface$ClientLoopbackSocketFactory@683a657c]" daemon [_thread_blocked, id=13951, stack(0x00007fd88f9fa000,0x00007fd88fafb000)]
  0x00007fd870014800 JavaThread "RMI RenewClean-[localhost:45697,org.jetbrains.kotlin.daemon.common.LoopbackNetworkInterface$ClientLoopbackSocketFactory@52f1ce73]" daemon [_thread_blocked, id=10177, stack(0x00007fd88e8f7000,0x00007fd88e9f8000)]
  0x00007fd86800d000 JavaThread "RMI RenewClean-[localhost:45697,org.jetbrains.kotlin.daemon.common.LoopbackNetworkInterface$ClientLoopbackSocketFactory@23a28bcb]" daemon [_thread_blocked, id=10033, stack(0x00007fd88fcfd000,0x00007fd88fdfe000)]
  0x00007fd870012800 JavaThread "RMI Scheduler(0)" daemon [_thread_blocked, id=10026, stack(0x00007fd88f6f9000,0x00007fd88f7fa000)]
  0x00007fd8dc00b800 
[error occurred during error reporting (printing all threads), id 0xb]

VM state:at safepoint (normal execution)

VM Mutex/Monitor currently owned by a thread:  ([mutex/lock_event])
[0x00007fd8dc007be0] Threads_lock - owner thread: 0x00007fd8dc079000
[0x00007fd8dc0080e0] Heap_lock - owner thread: 0x00007fd8dc3bb000

Heap:
 PSYoungGen      total 177664K, used 2544K [0x00000000eab00000, 0x0000000100000000, 0x0000000100000000)
  eden space 175104K, 0% used [0x00000000eab00000,0x00000000eab00000,0x00000000f5600000)
  from space 2560K, 99% used [0x00000000f5600000,0x00000000f587c210,0x00000000f5880000)
  to   space 88576K, 0% used [0x00000000fa980000,0x00000000fa980000,0x0000000100000000)
 ParOldGen       total 150016K, used 93926K [0x00000000c0000000, 0x00000000c9280000, 0x00000000eab00000)
  object space 150016K, 62% used [0x00000000c0000000,0x00000000c5bb9a70,0x00000000c9280000)
 Metaspace       used 71393K, capacity 74833K, committed 75160K, reserved 1116160K
  class space    used 8091K, capacity 9024K, committed 9136K, reserved 1048576K

Card table byte_map: [0x00007fd8cc822000,0x00007fd8cca23000] byte_map_base: 0x00007fd8cc222000

Marking Bits: (ParMarkBitMap*) 0x00007fd8e214d440
 Begin Bits: [0x00007fd8c6000000, 0x00007fd8c7000000)
 End Bits:   [0x00007fd8c7000000, 0x00007fd8c8000000)

Polling page: 0x00007fd8e2db7000

CodeCache: size=245760Kb used=55717Kb max_used=55977Kb free=190042Kb
 bounds [0x00007fd8ccde3000, 0x00007fd8d0503000, 0x00007fd8dbde3000]
 total_blobs=16003 nmethods=15473 adapters=442
 compilation: enabled

Compilation events (10 events):
Event: 3266.638 Thread 0x00007fd8dc0bf000 19639       1       java.net.Socket::isOutputShutdown (5 bytes)
Event: 3266.638 Thread 0x00007fd8dc0bf000 nmethod 19639 0x00007fd8cf437f10 code [0x00007fd8cf438060, 0x00007fd8cf438170]
Event: 3300.656 Thread 0x00007fd8dc0bf000 19641       1       java.net.InetAddress$InetAddressHolder::getAddress (5 bytes)
Event: 3300.656 Thread 0x00007fd8dc0bf000 nmethod 19641 0x00007fd8cd9dc650 code [0x00007fd8cd9dc7a0, 0x00007fd8cd9dc8b0]
Event: 3300.657 Thread 0x00007fd8dc0bf000 19642       1       java.net.Socket::isInputShutdown (5 bytes)
Event: 3300.658 Thread 0x00007fd8dc0bf000 nmethod 19642 0x00007fd8ccf75d10 code [0x00007fd8ccf75e60, 0x00007fd8ccf75f70]
Event: 3411.090 Thread 0x00007fd8dc0bf000 19643       3       sun.rmi.transport.tcp.TCPEndpoint::<init> (43 bytes)
Event: 3411.091 Thread 0x00007fd8dc0bf000 nmethod 19643 0x00007fd8cd4bdbd0 code [0x00007fd8cd4bdd40, 0x00007fd8cd4bdf90]
Event: 3600.655 Thread 0x00007fd8dc0bf000 19644       1       sun.rmi.transport.DGCClient$EndpointEntry::access$1300 (5 bytes)
Event: 3600.656 Thread 0x00007fd8dc0bf000 nmethod 19644 0x00007fd8cda74dd0 code [0x00007fd8cda74f20, 0x00007fd8cda75010]

GC Heap History (10 events):
Event: 1899.580 GC heap after
Heap after GC invocations=27 (full 4):
 PSYoungGen      total 233984K, used 42031K [0x00000000eab00000, 0x00000000fe200000, 0x0000000100000000)
  eden space 161792K, 0% used [0x00000000eab00000,0x00000000eab00000,0x00000000f4900000)
  from space 72192K, 58% used [0x00000000f4900000,0x00000000f720bd58,0x00000000f8f80000)
  to   space 71168K, 0% used [0x00000000f9c80000,0x00000000f9c80000,0x00000000fe200000)
 ParOldGen       total 150016K, used 72486K [0x00000000c0000000, 0x00000000c9280000, 0x00000000eab00000)
  object space 150016K, 48% used [0x00000000c0000000,0x00000000c46c99a0,0x00000000c9280000)
 Metaspace       used 69981K, capacity 73315K, committed 73496K, reserved 1114112K
  class space    used 8029K, capacity 8915K, committed 9008K, reserved 1048576K
}
Event: 2367.545 GC heap before
{Heap before GC invocations=28 (full 4):
 PSYoungGen      total 233984K, used 203823K [0x00000000eab00000, 0x00000000fe200000, 0x0000000100000000)
  eden space 161792K, 100% used [0x00000000eab00000,0x00000000f4900000,0x00000000f4900000)
  from space 72192K, 58% used [0x00000000f4900000,0x00000000f720bd58,0x00000000f8f80000)
  to   space 71168K, 0% used [0x00000000f9c80000,0x00000000f9c80000,0x00000000fe200000)
 ParOldGen       total 150016K, used 72486K [0x00000000c0000000, 0x00000000c9280000, 0x00000000eab00000)
  object space 150016K, 48% used [0x00000000c0000000,0x00000000c46c99a0,0x00000000c9280000)
 Metaspace       used 70449K, capacity 73855K, committed 74008K, reserved 1114112K
  class space    used 8074K, capacity 8987K, committed 9008K, reserved 1048576K
Event: 2367.628 GC heap after
Heap after GC invocations=28 (full 4):
 PSYoungGen      total 214528K, used 55814K [0x00000000eab00000, 0x00000000fd580000, 0x0000000100000000)
  eden space 156160K, 0% used [0x00000000eab00000,0x00000000eab00000,0x00000000f4380000)
  from space 58368K, 95% used [0x00000000f9c80000,0x00000000fd301900,0x00000000fd580000)
  to   space 74752K, 0% used [0x00000000f4380000,0x00000000f4380000,0x00000000f8c80000)
 ParOldGen       total 150016K, used 72494K [0x00000000c0000000, 0x00000000c9280000, 0x00000000eab00000)
  object space 150016K, 48% used [0x00000000c0000000,0x00000000c46cb9a0,0x00000000c9280000)
 Metaspace       used 70449K, capacity 73855K, committed 74008K, reserved 1114112K
  class space    used 8074K, capacity 8987K, committed 9008K, reserved 1048576K
}
Event: 2369.773 GC heap before
{Heap before GC invocations=29 (full 4):
 PSYoungGen      total 214528K, used 211974K [0x00000000eab00000, 0x00000000fd580000, 0x0000000100000000)
  eden space 156160K, 100% used [0x00000000eab00000,0x00000000f4380000,0x00000000f4380000)
  from space 58368K, 95% used [0x00000000f9c80000,0x00000000fd301900,0x00000000fd580000)
  to   space 74752K, 0% used [0x00000000f4380000,0x00000000f4380000,0x00000000f8c80000)
 ParOldGen       total 150016K, used 72494K [0x00000000c0000000, 0x00000000c9280000, 0x00000000eab00000)
  object space 150016K, 48% used [0x00000000c0000000,0x00000000c46cb9a0,0x00000000c9280000)
 Metaspace       used 70556K, capacity 73995K, committed 74264K, reserved 1114112K
  class space    used 8076K, capacity 8989K, committed 9008K, reserved 1048576K
Event: 2369.935 GC heap after
Heap after GC invocations=29 (full 4):
 PSYoungGen      total 230912K, used 65119K [0x00000000eab00000, 0x00000000ff980000, 0x0000000100000000)
  eden space 156160K, 0% used [0x00000000eab00000,0x00000000eab00000,0x00000000f4380000)
  from space 74752K, 87% used [0x00000000f4380000,0x00000000f8317fc8,0x00000000f8c80000)
  to   space 81408K, 0% used [0x00000000faa00000,0x00000000faa00000,0x00000000ff980000)
 ParOldGen       total 150016K, used 72494K [0x00000000c0000000, 0x00000000c9280000, 0x00000000eab00000)
  object space 150016K, 48% used [0x00000000c0000000,0x00000000c46cb9a0,0x00000000c9280000)
 Metaspace       used 70556K, capacity 73995K, committed 74264K, reserved 1114112K
  class space    used 8076K, capacity 8989K, committed 9008K, reserved 1048576K
}
Event: 2372.165 GC heap before
{Heap before GC invocations=30 (full 4):
 PSYoungGen      total 230912K, used 221279K [0x00000000eab00000, 0x00000000ff980000, 0x0000000100000000)
  eden space 156160K, 100% used [0x00000000eab00000,0x00000000f4380000,0x00000000f4380000)
  from space 74752K, 87% used [0x00000000f4380000,0x00000000f8317fc8,0x00000000f8c80000)
  to   space 81408K, 0% used [0x00000000faa00000,0x00000000faa00000,0x00000000ff980000)
 ParOldGen       total 150016K, used 72494K [0x00000000c0000000, 0x00000000c9280000, 0x00000000eab00000)
  object space 150016K, 48% used [0x00000000c0000000,0x00000000c46cb9a0,0x00000000c9280000)
 Metaspace       used 71281K, capacity 74693K, committed 74904K, reserved 1116160K
  class space    used 8090K, capacity 9022K, committed 9136K, reserved 1048576K
Event: 2372.254 GC heap after
Heap after GC invocations=30 (full 4):
 PSYoungGen      total 256512K, used 64461K [0x00000000eab00000, 0x00000000ffe80000, 0x0000000100000000)
  eden space 175104K, 0% used [0x00000000eab00000,0x00000000eab00000,0x00000000f5600000)
  from space 81408K, 79% used [0x00000000faa00000,0x00000000fe8f3500,0x00000000ff980000)
  to   space 86016K, 0% used [0x00000000f5600000,0x00000000f5600000,0x00000000faa00000)
 ParOldGen       total 150016K, used 76100K [0x00000000c0000000, 0x00000000c9280000, 0x00000000eab00000)
  object space 150016K, 50% used [0x00000000c0000000,0x00000000c4a51328,0x00000000c9280000)
 Metaspace       used 71281K, capacity 74693K, committed 74904K, reserved 1116160K
  class space    used 8090K, capacity 9022K, committed 9136K, reserved 1048576K
}
Event: 3613.676 GC heap before
{Heap before GC invocations=31 (full 4):
 PSYoungGen      total 256512K, used 135368K [0x00000000eab00000, 0x00000000ffe80000, 0x0000000100000000)
  eden space 175104K, 40% used [0x00000000eab00000,0x00000000ef03eb70,0x00000000f5600000)
  from space 81408K, 79% used [0x00000000faa00000,0x00000000fe8f3500,0x00000000ff980000)
  to   space 86016K, 0% used [0x00000000f5600000,0x00000000f5600000,0x00000000faa00000)
 ParOldGen       total 150016K, used 76100K [0x00000000c0000000, 0x00000000c9280000, 0x00000000eab00000)
  object space 150016K, 50% used [0x00000000c0000000,0x00000000c4a51328,0x00000000c9280000)
 Metaspace       used 71393K, capacity 74833K, committed 75160K, reserved 1116160K
  class space    used 8091K, capacity 9024K, committed 9136K, reserved 1048576K
Event: 3613.707 GC heap after
Heap after GC invocations=31 (full 4):
 PSYoungGen      total 177664K, used 2544K [0x00000000eab00000, 0x0000000100000000, 0x0000000100000000)
  eden space 175104K, 0% used [0x00000000eab00000,0x00000000eab00000,0x00000000f5600000)
  from space 2560K, 99% used [0x00000000f5600000,0x00000000f587c210,0x00000000f5880000)
  to   space 88576K, 0% used [0x00000000fa980000,0x00000000fa980000,0x0000000100000000)
 ParOldGen       total 150016K, used 93926K [0x00000000c0000000, 0x00000000c9280000, 0x00000000eab00000)
  object space 150016K, 62% used [0x00000000c0000000,0x00000000c5bb9a70,0x00000000c9280000)
 Metaspace       used 71393K, capacity 74833K, committed 75160K, reserved 1116160K
  class space    used 8091K, capacity 9024K, committed 9136K, reserved 1048576K
}
Event: 3613.707 GC heap before
{Heap before GC invocations=32 (full 5):
 PSYoungGen      total 177664K, used 2544K [0x00000000eab00000, 0x0000000100000000, 0x0000000100000000)
  eden space 175104K, 0% used [0x00000000eab00000,0x00000000eab00000,0x00000000f5600000)
  from space 2560K, 99% used [0x00000000f5600000,0x00000000f587c210,0x00000000f5880000)
  to   space 88576K, 0% used [0x00000000fa980000,0x00000000fa980000,0x0000000100000000)
 ParOldGen       total 150016K, used 93926K [0x00000000c0000000, 0x00000000c9280000, 0x00000000eab00000)
  object space 150016K, 62% used [0x00000000c0000000,0x00000000c5bb9a70,0x00000000c9280000)
 Metaspace       used 71393K, capacity 74833K, committed 75160K, reserved 1116160K
  class space    used 8091K, capacity 9024K, committed 9136K, reserved 1048576K

Deoptimization events (10 events):
Event: 2372.339 Thread 0x00007fd888003000 Uncommon trap: reason=bimorphic action=maybe_recompile pc=0x00007fd8cf3cc1b0 method=org.jetbrains.org.objectweb.asm.ClassReader.accept(Lorg/jetbrains/org/objectweb/asm/ClassVisitor;[Lorg/jetbrains/org/objectweb/asm/Attribute;I)V @ 765
Event: 2372.339 Thread 0x00007fd888003000 Uncommon trap: reason=bimorphic action=maybe_recompile pc=0x00007fd8cf234050 method=kotlin.sequences.DropSequence$iterator$1.drop()V @ 11
Event: 2372.339 Thread 0x00007fd888003000 Uncommon trap: reason=bimorphic action=maybe_recompile pc=0x00007fd8cfa29144 method=kotlin.sequences.DropSequence$iterator$1.hasNext()Z @ 8
Event: 2372.942 Thread 0x00007fd888003000 Uncommon trap: reason=unstable_if action=reinterpret pc=0x00007fd8cfcbc17c method=org.jetbrains.kotlin.com.intellij.util.io.IntToIntBtree.get(I[I)Z @ 9
Event: 2372.949 Thread 0x00007fd888003000 Uncommon trap: reason=unstable_if action=reinterpret pc=0x00007fd8cfe67ba8 method=org.jetbrains.kotlin.com.intellij.util.io.IntToIntBtree.put(II)V @ 1
Event: 2372.991 Thread 0x00007fd888003000 Uncommon trap: reason=unstable_if action=reinterpret pc=0x00007fd8ce54a938 method=org.jetbrains.kotlin.com.intellij.util.io.IntToIntBtree$BtreeIndexNodeView.indexToOffset(I)I @ 8
Event: 2373.033 Thread 0x00007fd888003000 Uncommon trap: reason=unstable_if action=reinterpret pc=0x00007fd8cfebd92c method=org.jetbrains.kotlin.serialization.jvm.JvmProtoBuf$StringTableTypes.<init>(Lorg/jetbrains/kotlin/protobuf/CodedInputStream;Lorg/jetbrains/kotlin/protobuf/ExtensionRegistryLi
Event: 2373.034 Thread 0x00007fd888003000 Uncommon trap: reason=bimorphic action=maybe_recompile pc=0x00007fd8ce565bf8 method=kotlin.collections.CollectionsKt___CollectionsKt.toSet(Ljava/lang/Iterable;)Ljava/util/Set; @ 66
Event: 2373.070 Thread 0x00007fd888003000 Uncommon trap: reason=unstable_if action=reinterpret pc=0x00007fd8cf239764 method=java.io.ObjectInputStream$BlockDataInputStream.readUTFBody(J)Ljava/lang/String; @ 72
Event: 2373.071 Thread 0x00007fd888003000 Uncommon trap: reason=unstable_if action=reinterpret pc=0x00007fd8cf85de48 method=java.io.ObjectOutputStream$BlockDataOutputStream.writeBytes(Ljava/lang/String;)V @ 22

Classes redefined (0 events):
No events

Internal exceptions (10 events):
Event: 2372.951 Thread 0x00007fd888003000 Exception <a 'sun/nio/fs/UnixException'> (0x00000000edb70ee0) thrown at [/usr/local/google/home/ralucas/source/AOSP-openjdk-git/jdk8u/hotspot/src/share/vm/prims/jni.cpp, line 709]
Event: 2373.006 Thread 0x00007fd888003000 Exception <a 'sun/nio/fs/UnixException'> (0x00000000edf140d0) thrown at [/usr/local/google/home/ralucas/source/AOSP-openjdk-git/jdk8u/hotspot/src/share/vm/prims/jni.cpp, line 709]
Event: 2373.018 Thread 0x00007fd888003000 Exception <a 'sun/nio/fs/UnixException'> (0x00000000edf27598) thrown at [/usr/local/google/home/ralucas/source/AOSP-openjdk-git/jdk8u/hotspot/src/share/vm/prims/jni.cpp, line 709]
Event: 2373.021 Thread 0x00007fd888003000 Exception <a 'sun/nio/fs/UnixException'> (0x00000000edf46750) thrown at [/usr/local/google/home/ralucas/source/AOSP-openjdk-git/jdk8u/hotspot/src/share/vm/prims/jni.cpp, line 709]
Event: 2373.022 Thread 0x00007fd888003000 Exception <a 'sun/nio/fs/UnixException'> (0x00000000edf5fbd8) thrown at [/usr/local/google/home/ralucas/source/AOSP-openjdk-git/jdk8u/hotspot/src/share/vm/prims/jni.cpp, line 709]
Event: 2373.028 Thread 0x00007fd888003000 Exception <a 'sun/nio/fs/UnixException'> (0x00000000edf89408) thrown at [/usr/local/google/home/ralucas/source/AOSP-openjdk-git/jdk8u/hotspot/src/share/vm/prims/jni.cpp, line 709]
Event: 2373.030 Thread 0x00007fd888003000 Exception <a 'sun/nio/fs/UnixException'> (0x00000000edff0658) thrown at [/usr/local/google/home/ralucas/source/AOSP-openjdk-git/jdk8u/hotspot/src/share/vm/prims/jni.cpp, line 709]
Event: 2373.031 Thread 0x00007fd888003000 Exception <a 'sun/nio/fs/UnixException'> (0x00000000ee007940) thrown at [/usr/local/google/home/ralucas/source/AOSP-openjdk-git/jdk8u/hotspot/src/share/vm/prims/jni.cpp, line 709]
Event: 2373.044 Thread 0x00007fd888003000 Exception <a 'sun/nio/fs/UnixException'> (0x00000000ee0dca88) thrown at [/usr/local/google/home/ralucas/source/AOSP-openjdk-git/jdk8u/hotspot/src/share/vm/prims/jni.cpp, line 709]
Event: 2373.053 Thread 0x00007fd888003000 Exception <a 'sun/nio/fs/UnixException'> (0x00000000ee2570a0) thrown at [/usr/local/google/home/ralucas/source/AOSP-openjdk-git/jdk8u/hotspot/src/share/vm/prims/jni.cpp, line 709]

Events (10 events):
Event: 3411.091 Thread 0x00007fd8dc0bf000 flushing nmethod 0x00007fd8cd434d90
Event: 3411.092 Thread 0x00007fd8dc0bf000 flushing nmethod 0x00007fd8cd4d52d0
Event: 3426.092 Executing VM operation: RevokeBias
Event: 3426.092 Executing VM operation: RevokeBias done
Event: 3581.642 Executing VM operation: RevokeBias
Event: 3581.642 Executing VM operation: RevokeBias done
Event: 3600.657 Thread 0x00007fd8dc0bf000 flushing nmethod 0x00007fd8cd6e8650
Event: 3600.657 Thread 0x00007fd8dc0bf000 flushing nmethod 0x00007fd8cd72e610
Event: 3600.657 Thread 0x00007fd8dc0bf000 flushing nmethod 0x00007fd8cd76fe50
Event: 3613.676 Executing VM operation: ParallelGCSystemGC


Dynamic libraries:
00400000-00401000 r-xp 00000000 08:02 6182307                            /home/lyn/Programs/android-studio/jre/jre/bin/java
00600000-00601000 r--p 00000000 08:02 6182307                            /home/lyn/Programs/android-studio/jre/jre/bin/java
00601000-00602000 rw-p 00001000 08:02 6182307                            /home/lyn/Programs/android-studio/jre/jre/bin/java
01864000-01885000 rw-p 00000000 00:00 0                                  [heap]
c0000000-c9280000 rw-p 00000000 00:00 0 
c9280000-eab00000 ---p 00000000 00:00 0 
eab00000-100000000 rw-p 00000000 00:00 0 
100000000-1008ec000 rw-p 00000000 00:00 0 
1008ec000-140000000 ---p 00000000 00:00 0 
7fd854000000-7fd85431b000 rw-p 00000000 00:00 0 
7fd85431b000-7fd858000000 ---p 00000000 00:00 0 
7fd858000000-7fd858021000 rw-p 00000000 00:00 0 
7fd858021000-7fd85c000000 ---p 00000000 00:00 0 
7fd85f6ed000-7fd85f76d000 rw-p 00000000 00:00 0 
7fd85f76d000-7fd85f8ed000 ---p 00000000 00:00 0 
7fd85f8ed000-7fd85faed000 rw-p 00000000 00:00 0 
7fd85faed000-7fd85fced000 rw-p 00000000 00:00 0 
7fd85fced000-7fd85feed000 rw-p 00000000 00:00 0 
7fd860000000-7fd860265000 rw-p 00000000 00:00 0 
7fd860265000-7fd864000000 ---p 00000000 00:00 0 
7fd864000000-7fd864021000 rw-p 00000000 00:00 0 
7fd864021000-7fd868000000 ---p 00000000 00:00 0 
7fd868000000-7fd86938f000 rw-p 00000000 00:00 0 
7fd86938f000-7fd86c000000 ---p 00000000 00:00 0 
7fd86c000000-7fd86c021000 rw-p 00000000 00:00 0 
7fd86c021000-7fd870000000 ---p 00000000 00:00 0 
7fd870000000-7fd870462000 rw-p 00000000 00:00 0 
7fd870462000-7fd874000000 ---p 00000000 00:00 0 
7fd874000000-7fd874021000 rw-p 00000000 00:00 0 
7fd874021000-7fd878000000 ---p 00000000 00:00 0 
7fd878000000-7fd878021000 rw-p 00000000 00:00 0 
7fd878021000-7fd87c000000 ---p 00000000 00:00 0 
7fd87c000000-7fd87c021000 rw-p 00000000 00:00 0 
7fd87c021000-7fd880000000 ---p 00000000 00:00 0 
7fd880000000-7fd880021000 rw-p 00000000 00:00 0 
7fd880021000-7fd884000000 ---p 00000000 00:00 0 
7fd884000000-7fd884021000 rw-p 00000000 00:00 0 
7fd884021000-7fd888000000 ---p 00000000 00:00 0 
7fd888000000-7fd888021000 rw-p 00000000 00:00 0 
7fd888021000-7fd88c000000 ---p 00000000 00:00 0 
7fd88c07d000-7fd88c27d000 rw-p 00000000 00:00 0 
7fd88c28a000-7fd88c28d000 ---p 00000000 00:00 0 
7fd88c28d000-7fd88c38b000 rw-p 00000000 00:00 0 
7fd88c38b000-7fd88c38e000 ---p 00000000 00:00 0 
7fd88c38e000-7fd88c48c000 rw-p 00000000 00:00 0 
7fd88c48c000-7fd88c48f000 ---p 00000000 00:00 0 
7fd88c48f000-7fd88c78d000 rw-p 00000000 00:00 0 
7fd88c79d000-7fd88c7a0000 ---p 00000000 00:00 0 
7fd88c7a0000-7fd88ca9e000 rw-p 00000000 00:00 0 
7fd88ca9e000-7fd88cc9a000 rw-p 00000000 00:00 0 
7fd88cc9a000-7fd88cc9e000 ---p 00000000 00:00 0 
7fd88cc9e000-7fd88ce9e000 rw-p 00000000 00:00 0 
7fd88cea5000-7fd88d0a5000 rw-p 00000000 00:00 0 
7fd88d0ad000-7fd88d2ad000 rw-p 00000000 00:00 0 
7fd88d2bc000-7fd88d4bc000 rw-p 00000000 00:00 0 
7fd88d4bc000-7fd88d6bc000 rw-p 00000000 00:00 0 
7fd88d6bc000-7fd88d8bc000 rw-p 00000000 00:00 0 
7fd88d8bd000-7fd88dabd000 rw-p 00000000 00:00 0 
7fd88dae5000-7fd88dce5000 rw-p 00000000 00:00 0 
7fd88dce5000-7fd88dee5000 rw-p 00000000 00:00 0 
7fd88dee5000-7fd88e0e3000 rw-p 00000000 00:00 0 
7fd88e0e3000-7fd88e0e5000 ---p 00000000 00:00 0 
7fd88e0e5000-7fd88e2e5000 rw-p 00000000 00:00 0 
7fd88e2e5000-7fd88e4e5000 rw-p 00000000 00:00 0 
7fd88e4e5000-7fd88e6e5000 rw-p 00000000 00:00 0 
7fd88e6e5000-7fd88e8e5000 rw-p 00000000 00:00 0 
7fd88e8f7000-7fd88e8fa000 ---p 00000000 00:00 0 
7fd88e8fa000-7fd88ebf8000 rw-p 00000000 00:00 0 
7fd88ebf8000-7fd88edf8000 rw-p 00000000 00:00 0 
7fd88edf8000-7fd88eff8000 rw-p 00000000 00:00 0 
7fd88eff8000-7fd88f1f8000 rw-p 00000000 00:00 0 
7fd88f1f8000-7fd88f3f8000 rw-p 00000000 00:00 0 
7fd88f3f8000-7fd88f5f8000 rw-p 00000000 00:00 0 
7fd88f5f8000-7fd88f5fb000 ---p 00000000 00:00 0 
7fd88f5fb000-7fd88f6f9000 rw-p 00000000 00:00 0 
7fd88f6f9000-7fd88f6fc000 ---p 00000000 00:00 0 
7fd88f6fc000-7fd88f9fa000 rw-p 00000000 00:00 0 
7fd88f9fa000-7fd88f9fd000 ---p 00000000 00:00 0 
7fd88f9fd000-7fd88fafb000 rw-p 00000000 00:00 0 
7fd88fafb000-7fd88fafe000 ---p 00000000 00:00 0 
7fd88fafe000-7fd88fbfc000 rw-p 00000000 00:00 0 
7fd88fbfc000-7fd88fbff000 ---p 00000000 00:00 0 
7fd88fbff000-7fd88fcfd000 rw-p 00000000 00:00 0 
7fd88fcfd000-7fd88fd00000 ---p 00000000 00:00 0 
7fd88fd00000-7fd88fdfe000 rw-p 00000000 00:00 0 
7fd88fdfe000-7fd88fe01000 ---p 00000000 00:00 0 
7fd88fe01000-7fd88feff000 rw-p 00000000 00:00 0 
7fd88feff000-7fd88ff02000 ---p 00000000 00:00 0 
7fd88ff02000-7fd890000000 rw-p 00000000 00:00 0 
7fd890000000-7fd890021000 rw-p 00000000 00:00 0 
7fd890021000-7fd894000000 ---p 00000000 00:00 0 
7fd894000000-7fd894021000 rw-p 00000000 00:00 0 
7fd894021000-7fd898000000 ---p 00000000 00:00 0 
7fd898000000-7fd8998cf000 rw-p 00000000 00:00 0 
7fd8998cf000-7fd89c000000 ---p 00000000 00:00 0 
7fd89c000000-7fd89d085000 rw-p 00000000 00:00 0 
7fd89d085000-7fd8a0000000 ---p 00000000 00:00 0 
7fd8a0000000-7fd8a0021000 rw-p 00000000 00:00 0 
7fd8a0021000-7fd8a4000000 ---p 00000000 00:00 0 
7fd8a4000000-7fd8a5d08000 rw-p 00000000 00:00 0 
7fd8a5d08000-7fd8a8000000 ---p 00000000 00:00 0 
7fd8a8000000-7fd8a8021000 rw-p 00000000 00:00 0 
7fd8a8021000-7fd8ac000000 ---p 00000000 00:00 0 
7fd8ac000000-7fd8ac021000 rw-p 00000000 00:00 0 
7fd8ac021000-7fd8b0000000 ---p 00000000 00:00 0 
7fd8b0000000-7fd8b0021000 rw-p 00000000 00:00 0 
7fd8b0021000-7fd8b4000000 ---p 00000000 00:00 0 
7fd8b4000000-7fd8b434c000 rw-p 00000000 00:00 0 
7fd8b434c000-7fd8b8000000 ---p 00000000 00:00 0 
7fd8b8000000-7fd8b829f000 rw-p 00000000 00:00 0 
7fd8b829f000-7fd8bc000000 ---p 00000000 00:00 0 
7fd8bc088000-7fd8bc09a000 r--s 00345000 08:02 6182323                    /home/lyn/Programs/android-studio/jre/jre/lib/resources.jar
7fd8bc09b000-7fd8bc0a2000 r--s 00048000 08:02 4011144                    /home/lyn/Programs/android-studio/gradle/caches/modules-2/files-2.1/org.jetbrains.kotlin/kotlin-android-extensions/1.2.30/680ff8d567db8dec157cd9344f0a1d2b5e4d651b/kotlin-android-extensions-1.2.30.jar
7fd8bc0a8000-7fd8bc121000 r--s 010fd000 08:02 6182300                    /home/lyn/Programs/android-studio/jre/lib/tools.jar
7fd8bc127000-7fd8bc142000 r--s 00394000 08:02 6182407                    /home/lyn/Programs/android-studio/jre/jre/lib/ext/cldrdata.jar
7fd8bc142000-7fd8bf143000 rw-p 00000000 00:00 0 
7fd8bf143000-7fd8bf159000 r-xp 00000000 08:02 6182376                    /home/lyn/Programs/android-studio/jre/jre/lib/amd64/libnet.so
7fd8bf159000-7fd8bf359000 ---p 00016000 08:02 6182376                    /home/lyn/Programs/android-studio/jre/jre/lib/amd64/libnet.so
7fd8bf359000-7fd8bf35a000 r--p 00016000 08:02 6182376                    /home/lyn/Programs/android-studio/jre/jre/lib/amd64/libnet.so
7fd8bf35a000-7fd8bf35b000 rw-p 00017000 08:02 6182376                    /home/lyn/Programs/android-studio/jre/jre/lib/amd64/libnet.so
7fd8bf35b000-7fd8bf36c000 r-xp 00000000 08:02 6182374                    /home/lyn/Programs/android-studio/jre/jre/lib/amd64/libnio.so
7fd8bf36c000-7fd8bf56b000 ---p 00011000 08:02 6182374                    /home/lyn/Programs/android-studio/jre/jre/lib/amd64/libnio.so
7fd8bf56b000-7fd8bf56c000 r--p 00010000 08:02 6182374                    /home/lyn/Programs/android-studio/jre/jre/lib/amd64/libnio.so
7fd8bf56c000-7fd8bf56d000 rw-p 00011000 08:02 6182374                    /home/lyn/Programs/android-studio/jre/jre/lib/amd64/libnio.so
7fd8bf573000-7fd8bf57c000 r-xp 00000000 08:02 6182382                    /home/lyn/Programs/android-studio/jre/jre/lib/amd64/libmanagement.so
7fd8bf57c000-7fd8bf77b000 ---p 00009000 08:02 6182382                    /home/lyn/Programs/android-studio/jre/jre/lib/amd64/libmanagement.so
7fd8bf77b000-7fd8bf77c000 r--p 00008000 08:02 6182382                    /home/lyn/Programs/android-studio/jre/jre/lib/amd64/libmanagement.so
7fd8bf77c000-7fd8bf77d000 rw-p 00009000 08:02 6182382                    /home/lyn/Programs/android-studio/jre/jre/lib/amd64/libmanagement.so
7fd8bf780000-7fd8bf7b4000 r--s 00245000 08:02 4011158                    /home/lyn/Programs/android-studio/gradle/caches/modules-2/files-2.1/org.jetbrains.kotlin/kotlin-reflect/1.2.30/9758025a415ee400e1f90ff222bcfec247779133/kotlin-reflect-1.2.30.jar
7fd8bf7b7000-7fd8bf96d000 r--s 017ec000 08:02 4011146                    /home/lyn/Programs/android-studio/gradle/caches/modules-2/files-2.1/org.jetbrains.kotlin/kotlin-compiler-embeddable/1.2.30/9b3f10d4717b9ac238b287e9b6eb2b4eadd8e870/kotlin-compiler-embeddable-1.2.30.jar
7fd8bf971000-7fd8bf972000 ---p 00000000 00:00 0 
7fd8bf972000-7fd8bfa72000 rw-p 00000000 00:00 0 
7fd8bfa72000-7fd8bfa75000 ---p 00000000 00:00 0 
7fd8bfa75000-7fd8bfb73000 rw-p 00000000 00:00 0 
7fd8bfb73000-7fd8bfffd000 r--p 00000000 08:02 4067313                    /usr/lib/locale/locale-archive
7fd8c0000000-7fd8c0021000 rw-p 00000000 00:00 0 
7fd8c0021000-7fd8c4000000 ---p 00000000 00:00 0 
7fd8c400d000-7fd8c4012000 r--s 0009a000 08:02 6182339                    /home/lyn/Programs/android-studio/jre/jre/lib/jsse.jar
7fd8c4013000-7fd8c4016000 ---p 00000000 00:00 0 
7fd8c4016000-7fd8c4114000 rw-p 00000000 00:00 0 
7fd8c4114000-7fd8c4117000 ---p 00000000 00:00 0 
7fd8c4117000-7fd8c4215000 rw-p 00000000 00:00 0 
7fd8c4215000-7fd8c4218000 ---p 00000000 00:00 0 
7fd8c4218000-7fd8c4316000 rw-p 00000000 00:00 0 
7fd8c4316000-7fd8c4319000 ---p 00000000 00:00 0 
7fd8c4319000-7fd8c4417000 rw-p 00000000 00:00 0 
7fd8c4417000-7fd8c441a000 ---p 00000000 00:00 0 
7fd8c441a000-7fd8c4518000 rw-p 00000000 00:00 0 
7fd8c4518000-7fd8c451b000 ---p 00000000 00:00 0 
7fd8c451b000-7fd8c4619000 rw-p 00000000 00:00 0 
7fd8c4619000-7fd8c461a000 ---p 00000000 00:00 0 
7fd8c461a000-7fd8c5629000 rw-p 00000000 00:00 0 
7fd8c5629000-7fd8c57f9000 r--s 03c46000 08:02 6182320                    /home/lyn/Programs/android-studio/jre/jre/lib/rt.jar
7fd8c5800000-7fd8c6000000 rw-p 00000000 00:00 0 
7fd8c6000000-7fd8c8000000 rw-p 00000000 00:00 0 
7fd8c8000000-7fd8c802b000 rw-p 00000000 00:00 0 
7fd8c802b000-7fd8cc000000 ---p 00000000 00:00 0 
7fd8cc009000-7fd8cc013000 r--s 00116000 08:02 6182401                    /home/lyn/Programs/android-studio/jre/jre/lib/ext/localedata.jar
7fd8cc013000-7fd8cc015000 r--s 00008000 08:02 4011186                    /home/lyn/Programs/android-studio/gradle/caches/modules-2/files-2.1/org.jetbrains.kotlin/kotlin-script-runtime/1.2.30/37ee7531a636e99b639f8b1544cdda27d0ee30b0/kotlin-script-runtime-1.2.30.jar
7fd8cc01a000-7fd8cc029000 r--s 000d7000 08:02 4011159                    /home/lyn/Programs/android-studio/gradle/caches/modules-2/files-2.1/org.jetbrains.kotlin/kotlin-stdlib/1.2.30/2dfac33f8b4e92c9dd1422cd286834701a6f6d6/kotlin-stdlib-1.2.30.jar
7fd8cc02a000-7fd8cc2c8000 rw-p 00000000 00:00 0 
7fd8cc2c8000-7fd8cc2c9000 ---p 00000000 00:00 0 
7fd8cc2c9000-7fd8cc3c9000 rw-p 00000000 00:00 0 
7fd8cc3c9000-7fd8cc3ca000 ---p 00000000 00:00 0 
7fd8cc3ca000-7fd8cc4ca000 rw-p 00000000 00:00 0 
7fd8cc4ca000-7fd8cc4cb000 ---p 00000000 00:00 0 
7fd8cc4cb000-7fd8cc5cb000 rw-p 00000000 00:00 0 
7fd8cc5cb000-7fd8cc5cc000 ---p 00000000 00:00 0 
7fd8cc5cc000-7fd8cc716000 rw-p 00000000 00:00 0 
7fd8cc716000-7fd8cc822000 ---p 00000000 00:00 0 
7fd8cc822000-7fd8cc86c000 rw-p 00000000 00:00 0 
7fd8cc86c000-7fd8cc977000 ---p 00000000 00:00 0 
7fd8cc977000-7fd8cca22000 rw-p 00000000 00:00 0 
7fd8cca22000-7fd8ccb00000 rw-p 00000000 00:00 0 
7fd8ccb00000-7fd8ccde3000 ---p 00000000 00:00 0 
7fd8ccde3000-7fd8d0503000 rwxp 00000000 00:00 0 
7fd8d0503000-7fd8dbde3000 ---p 00000000 00:00 0 
7fd8dbde3000-7fd8dbdfd000 r-xp 00000000 08:02 6182357                    /home/lyn/Programs/android-studio/jre/jre/lib/amd64/libzip.so
7fd8dbdfd000-7fd8dbffd000 ---p 0001a000 08:02 6182357                    /home/lyn/Programs/android-studio/jre/jre/lib/amd64/libzip.so
7fd8dbffd000-7fd8dbffe000 r--p 0001a000 08:02 6182357                    /home/lyn/Programs/android-studio/jre/jre/lib/amd64/libzip.so
7fd8dbffe000-7fd8dbfff000 rw-p 0001b000 08:02 6182357                    /home/lyn/Programs/android-studio/jre/jre/lib/amd64/libzip.so
7fd8dc000000-7fd8dc3df000 rw-p 00000000 00:00 0 
7fd8dc3df000-7fd8e0000000 ---p 00000000 00:00 0 
7fd8e0003000-7fd8e00bb000 rw-p 00000000 00:00 0 
7fd8e00bb000-7fd8e00c6000 r-xp 00000000 08:02 3682562                    /lib/x86_64-linux-gnu/libnss_files-2.23.so
7fd8e00c6000-7fd8e02c5000 ---p 0000b000 08:02 3682562                    /lib/x86_64-linux-gnu/libnss_files-2.23.so
7fd8e02c5000-7fd8e02c6000 r--p 0000a000 08:02 3682562                    /lib/x86_64-linux-gnu/libnss_files-2.23.so
7fd8e02c6000-7fd8e02c7000 rw-p 0000b000 08:02 3682562                    /lib/x86_64-linux-gnu/libnss_files-2.23.so
7fd8e02c7000-7fd8e02cd000 rw-p 00000000 00:00 0 
7fd8e02d3000-7fd8e02de000 r-xp 00000000 08:02 3682566                    /lib/x86_64-linux-gnu/libnss_nis-2.23.so
7fd8e02de000-7fd8e04dd000 ---p 0000b000 08:02 3682566                    /lib/x86_64-linux-gnu/libnss_nis-2.23.so
7fd8e04dd000-7fd8e04de000 r--p 0000a000 08:02 3682566                    /lib/x86_64-linux-gnu/libnss_nis-2.23.so
7fd8e04de000-7fd8e04df000 rw-p 0000b000 08:02 3682566                    /lib/x86_64-linux-gnu/libnss_nis-2.23.so
7fd8e04e3000-7fd8e04f9000 r-xp 00000000 08:02 3682546                    /lib/x86_64-linux-gnu/libnsl-2.23.so
7fd8e04f9000-7fd8e06f8000 ---p 00016000 08:02 3682546                    /lib/x86_64-linux-gnu/libnsl-2.23.so
7fd8e06f8000-7fd8e06f9000 r--p 00015000 08:02 3682546                    /lib/x86_64-linux-gnu/libnsl-2.23.so
7fd8e06f9000-7fd8e06fa000 rw-p 00016000 08:02 3682546                    /lib/x86_64-linux-gnu/libnsl-2.23.so
7fd8e06fa000-7fd8e06fc000 rw-p 00000000 00:00 0 
7fd8e0703000-7fd8e070b000 r-xp 00000000 08:02 3682557                    /lib/x86_64-linux-gnu/libnss_compat-2.23.so
7fd8e070b000-7fd8e090a000 ---p 00008000 08:02 3682557                    /lib/x86_64-linux-gnu/libnss_compat-2.23.so
7fd8e090a000-7fd8e090b000 r--p 00007000 08:02 3682557                    /lib/x86_64-linux-gnu/libnss_compat-2.23.so
7fd8e090b000-7fd8e090c000 rw-p 00008000 08:02 3682557                    /lib/x86_64-linux-gnu/libnss_compat-2.23.so
7fd8e0913000-7fd8e0940000 r-xp 00000000 08:02 6182356                    /home/lyn/Programs/android-studio/jre/jre/lib/amd64/libjava.so
7fd8e0940000-7fd8e0b3f000 ---p 0002d000 08:02 6182356                    /home/lyn/Programs/android-studio/jre/jre/lib/amd64/libjava.so
7fd8e0b3f000-7fd8e0b40000 r--p 0002c000 08:02 6182356                    /home/lyn/Programs/android-studio/jre/jre/lib/amd64/libjava.so
7fd8e0b40000-7fd8e0b42000 rw-p 0002d000 08:02 6182356                    /home/lyn/Programs/android-studio/jre/jre/lib/amd64/libjava.so
7fd8e0b43000-7fd8e0b53000 r-xp 00000000 08:02 6182362                    /home/lyn/Programs/android-studio/jre/jre/lib/amd64/libverify.so
7fd8e0b53000-7fd8e0d52000 ---p 00010000 08:02 6182362                    /home/lyn/Programs/android-studio/jre/jre/lib/amd64/libverify.so
7fd8e0d52000-7fd8e0d54000 r--p 0000f000 08:02 6182362                    /home/lyn/Programs/android-studio/jre/jre/lib/amd64/libverify.so
7fd8e0d54000-7fd8e0d55000 rw-p 00011000 08:02 6182362                    /home/lyn/Programs/android-studio/jre/jre/lib/amd64/libverify.so
7fd8e0d5b000-7fd8e0d62000 r-xp 00000000 08:02 3682567                    /lib/x86_64-linux-gnu/librt-2.23.so
7fd8e0d62000-7fd8e0f61000 ---p 00007000 08:02 3682567                    /lib/x86_64-linux-gnu/librt-2.23.so
7fd8e0f61000-7fd8e0f62000 r--p 00006000 08:02 3682567                    /lib/x86_64-linux-gnu/librt-2.23.so
7fd8e0f62000-7fd8e0f63000 rw-p 00007000 08:02 3682567                    /lib/x86_64-linux-gnu/librt-2.23.so
7fd8e0f63000-7fd8e106b000 r-xp 00000000 08:02 3682545                    /lib/x86_64-linux-gnu/libm-2.23.so
7fd8e106b000-7fd8e126a000 ---p 00108000 08:02 3682545                    /lib/x86_64-linux-gnu/libm-2.23.so
7fd8e126a000-7fd8e126b000 r--p 00107000 08:02 3682545                    /lib/x86_64-linux-gnu/libm-2.23.so
7fd8e126b000-7fd8e126c000 rw-p 00108000 08:02 3682545                    /lib/x86_64-linux-gnu/libm-2.23.so
7fd8e1273000-7fd8e1e6f000 r-xp 00000000 08:02 6182388                    /home/lyn/Programs/android-studio/jre/jre/lib/amd64/server/libjvm.so
7fd8e1e6f000-7fd8e206f000 ---p 00bfc000 08:02 6182388                    /home/lyn/Programs/android-studio/jre/jre/lib/amd64/server/libjvm.so
7fd8e206f000-7fd8e210f000 r--p 00bfc000 08:02 6182388                    /home/lyn/Programs/android-studio/jre/jre/lib/amd64/server/libjvm.so
7fd8e210f000-7fd8e2138000 rw-p 00c9c000 08:02 6182388                    /home/lyn/Programs/android-studio/jre/jre/lib/amd64/server/libjvm.so
7fd8e2138000-7fd8e217c000 rw-p 00000000 00:00 0 
7fd8e2183000-7fd8e219b000 r-xp 00000000 08:02 3682548                    /lib/x86_64-linux-gnu/libpthread-2.23.so
7fd8e219b000-7fd8e239a000 ---p 00018000 08:02 3682548                    /lib/x86_64-linux-gnu/libpthread-2.23.so
7fd8e239a000-7fd8e239b000 r--p 00017000 08:02 3682548                    /lib/x86_64-linux-gnu/libpthread-2.23.so
7fd8e239b000-7fd8e239c000 rw-p 00018000 08:02 3682548                    /lib/x86_64-linux-gnu/libpthread-2.23.so
7fd8e239c000-7fd8e23a0000 rw-p 00000000 00:00 0 
7fd8e23a3000-7fd8e23a6000 r-xp 00000000 08:02 3682551                    /lib/x86_64-linux-gnu/libdl-2.23.so
7fd8e23a6000-7fd8e25a5000 ---p 00003000 08:02 3682551                    /lib/x86_64-linux-gnu/libdl-2.23.so
7fd8e25a5000-7fd8e25a6000 r--p 00002000 08:02 3682551                    /lib/x86_64-linux-gnu/libdl-2.23.so
7fd8e25a6000-7fd8e25a7000 rw-p 00003000 08:02 3682551                    /lib/x86_64-linux-gnu/libdl-2.23.so
7fd8e25ab000-7fd8e276b000 r-xp 00000000 08:02 3682549                    /lib/x86_64-linux-gnu/libc-2.23.so
7fd8e276b000-7fd8e296b000 ---p 001c0000 08:02 3682549                    /lib/x86_64-linux-gnu/libc-2.23.so
7fd8e296b000-7fd8e296f000 r--p 001c0000 08:02 3682549                    /lib/x86_64-linux-gnu/libc-2.23.so
7fd8e296f000-7fd8e2971000 rw-p 001c4000 08:02 3682549                    /lib/x86_64-linux-gnu/libc-2.23.so
7fd8e2971000-7fd8e2975000 rw-p 00000000 00:00 0 
7fd8e297b000-7fd8e2991000 r-xp 00000000 08:02 6182389                    /home/lyn/Programs/android-studio/jre/jre/lib/amd64/jli/libjli.so
7fd8e2991000-7fd8e2b90000 ---p 00016000 08:02 6182389                    /home/lyn/Programs/android-studio/jre/jre/lib/amd64/jli/libjli.so
7fd8e2b90000-7fd8e2b91000 r--p 00015000 08:02 6182389                    /home/lyn/Programs/android-studio/jre/jre/lib/amd64/jli/libjli.so
7fd8e2b91000-7fd8e2b92000 rw-p 00016000 08:02 6182389                    /home/lyn/Programs/android-studio/jre/jre/lib/amd64/jli/libjli.so
7fd8e2b93000-7fd8e2bb9000 r-xp 00000000 08:02 3682547                    /lib/x86_64-linux-gnu/ld-2.23.so
7fd8e2bbd000-7fd8e2c8e000 rw-p 00000000 00:00 0 
7fd8e2c8e000-7fd8e2c91000 ---p 00000000 00:00 0 
7fd8e2c91000-7fd8e2d93000 rw-p 00000000 00:00 0 
7fd8e2d97000-7fd8e2dab000 rw-p 00000000 00:00 0 
7fd8e2dab000-7fd8e2db3000 rw-s 00000000 08:02 4217590                    /tmp/hsperfdata_lyn/10004
7fd8e2db6000-7fd8e2db7000 rw-p 00000000 00:00 0 
7fd8e2db7000-7fd8e2db8000 ---p 00000000 00:00 0 
7fd8e2db8000-7fd8e2db9000 r--p 00025000 08:02 3682547                    /lib/x86_64-linux-gnu/ld-2.23.so
7fd8e2db9000-7fd8e2dba000 rw-p 00026000 08:02 3682547                    /lib/x86_64-linux-gnu/ld-2.23.so
7fd8e2dba000-7fd8e2dbc000 rw-p 00000000 00:00 0 
7ffcf544e000-7ffcf546f000 rw-p 00000000 00:00 0                          [stack]
7ffcf5593000-7ffcf5596000 r--p 00000000 00:00 0                          [vvar]
7ffcf5596000-7ffcf5598000 r-xp 00000000 00:00 0                          [vdso]
ffffffffff600000-ffffffffff601000 r-xp 00000000 00:00 0                  [vsyscall]

VM Arguments:
jvm_args: -Djava.awt.headless=true -Djava.rmi.server.hostname=localhost -Xmx1024m -Dkotlin.environment.keepalive 
java_command: org.jetbrains.kotlin.daemon.KotlinCompileDaemon --daemon-runFilesPath /home/lyn/.local/share/kotlin/daemon --daemon-autoshutdownIdleSeconds=7200 --daemon-compilerClasspath /home/lyn/Programs/android-studio/gradle/caches/modules-2/files-2.1/org.jetbrains.kotlin/kotlin-compiler-embeddable/1.2.30/9b3f10d4717b9ac238b287e9b6eb2b4eadd8e870/kotlin-compiler-embeddable-1.2.30.jar:/home/lyn/Programs/android-studio/gradle/caches/modules-2/files-2.1/org.jetbrains.kotlin/kotlin-stdlib/1.2.30/2dfac33f8b4e92c9dd1422cd286834701a6f6d6/kotlin-stdlib-1.2.30.jar:/home/lyn/Programs/android-studio/gradle/caches/modules-2/files-2.1/org.jetbrains.kotlin/kotlin-script-runtime/1.2.30/37ee7531a636e99b639f8b1544cdda27d0ee30b0/kotlin-script-runtime-1.2.30.jar:/home/lyn/Programs/android-studio/gradle/caches/modules-2/files-2.1/org.jetbrains.kotlin/kotlin-reflect/1.2.30/9758025a415ee400e1f90ff222bcfec247779133/kotlin-reflect-1.2.30.jar:/home/lyn/Programs/android-studio/jre/lib/tools.jar
java_class_path (initial): /home/lyn/Programs/android-studio/gradle/caches/modules-2/files-2.1/org.jetbrains.kotlin/kotlin-compiler-embeddable/1.2.30/9b3f10d4717b9ac238b287e9b6eb2b4eadd8e870/kotlin-compiler-embeddable-1.2.30.jar:/home/lyn/Programs/android-studio/gradle/caches/modules-2/files-2.1/org.jetbrains.kotlin/kotlin-stdlib/1.2.30/2dfac33f8b4e92c9dd1422cd286834701a6f6d6/kotlin-stdlib-1.2.30.jar:/home/lyn/Programs/android-studio/gradle/caches/modules-2/files-2.1/org.jetbrains.kotlin/kotlin-script-runtime/1.2.30/37ee7531a636e99b639f8b1544cdda27d0ee30b0/kotlin-script-runtime-1.2.30.jar:/home/lyn/Programs/android-studio/gradle/caches/modules-2/files-2.1/org.jetbrains.kotlin/kotlin-reflect/1.2.30/9758025a415ee400e1f90ff222bcfec247779133/kotlin-reflect-1.2.30.jar:/home/lyn/Programs/android-studio/jre/lib/tools.jar
Launcher Type: SUN_STANDARD

Environment Variables:
PATH=/home/linuxbrew/.linuxbrew/bin:/home/linuxbrew/.linuxbrew/sbin:/home/lyn/bin:/home/lyn/.local/bin:/usr/local/sbin:/usr/local/bin:/usr/sbin:/usr/bin:/sbin:/bin:/usr/games:/usr/local/games
SHELL=/usr/bin/zsh
DISPLAY=:0.0

Signal Handlers:
SIGSEGV: [libjvm.so+0x9edb30], sa_mask[0]=11111111011111111101111111111110, sa_flags=SA_RESTART|SA_SIGINFO
SIGBUS: [libjvm.so+0x9edb30], sa_mask[0]=11111111011111111101111111111110, sa_flags=SA_RESTART|SA_SIGINFO
SIGFPE: [libjvm.so+0x84e800], sa_mask[0]=11111111011111111101111111111110, sa_flags=SA_RESTART|SA_SIGINFO
SIGPIPE: [libjvm.so+0x84e800], sa_mask[0]=11111111011111111101111111111110, sa_flags=SA_RESTART|SA_SIGINFO
SIGXFSZ: [libjvm.so+0x84e800], sa_mask[0]=11111111011111111101111111111110, sa_flags=SA_RESTART|SA_SIGINFO
SIGILL: [libjvm.so+0x84e800], sa_mask[0]=11111111011111111101111111111110, sa_flags=SA_RESTART|SA_SIGINFO
SIGUSR1: SIG_DFL, sa_mask[0]=00000000000000000000000000000000, sa_flags=none
SIGUSR2: [libjvm.so+0x84e6d0], sa_mask[0]=00100000000000000000000000000000, sa_flags=SA_RESTART|SA_SIGINFO
SIGHUP: [libjvm.so+0x84e8c0], sa_mask[0]=11111111011111111101111111111110, sa_flags=SA_RESTART|SA_SIGINFO
SIGINT: [libjvm.so+0x84e8c0], sa_mask[0]=11111111011111111101111111111110, sa_flags=SA_RESTART|SA_SIGINFO
SIGTERM: [libjvm.so+0x84e8c0], sa_mask[0]=11111111011111111101111111111110, sa_flags=SA_RESTART|SA_SIGINFO
SIGQUIT: [libjvm.so+0x84e8c0], sa_mask[0]=11111111011111111101111111111110, sa_flags=SA_RESTART|SA_SIGINFO


---------------  S Y S T E M  ---------------

OS:DISTRIB_ID=LinuxMint
DISTRIB_RELEASE=18.2
DISTRIB_CODENAME=sonya
DISTRIB_DESCRIPTION="Linux Mint 18.2 Sonya"

uname:Linux 4.13.0-37-generic #42~16.04.1-Ubuntu SMP Wed Mar 7 16:03:28 UTC 2018 x86_64
libc:glibc 2.23 NPTL 2.23 
rlimit: STACK 8192k, CORE 0k, NPROC 30620, NOFILE 1048576, AS infinity
load average:0.20 0.46 0.74

/proc/meminfo:
MemTotal:        8087188 kB
MemFree:          201764 kB
MemAvailable:     793356 kB
Buffers:          381588 kB
Cached:           407740 kB
SwapCached:        18072 kB
Active:          6230816 kB
Inactive:        1117152 kB
Active(anon):    5851836 kB
Inactive(anon):   816748 kB
Active(file):     378980 kB
Inactive(file):   300404 kB
Unevictable:        4800 kB
Mlocked:            4800 kB
SwapTotal:       8308732 kB
SwapFree:        7715744 kB
Dirty:               176 kB
Writeback:             0 kB
AnonPages:       6557812 kB
Mapped:           288044 kB
Shmem:            109932 kB
Slab:             271848 kB
SReclaimable:     217096 kB
SUnreclaim:        54752 kB
KernelStack:       15552 kB
PageTables:        78064 kB
NFS_Unstable:          0 kB
Bounce:                0 kB
WritebackTmp:          0 kB
CommitLimit:    12352324 kB
Committed_AS:   11699964 kB
VmallocTotal:   34359738367 kB
VmallocUsed:           0 kB
VmallocChunk:          0 kB
HardwareCorrupted:     0 kB
AnonHugePages:         0 kB
ShmemHugePages:        0 kB
ShmemPmdMapped:        0 kB
CmaTotal:              0 kB
CmaFree:               0 kB
HugePages_Total:       0
HugePages_Free:        0
HugePages_Rsvd:        0
HugePages_Surp:        0
Hugepagesize:       2048 kB
DirectMap4k:     4950600 kB
DirectMap2M:     3358720 kB
DirectMap1G:           0 kB


CPU:total 4 (initial active 4) (4 cores per cpu, 1 threads per core) family 21 model 19 stepping 1, cmov, cx8, fxsr, mmx, sse, sse2, sse3, ssse3, sse4.1, sse4.2, popcnt, avx, aes, clmul, mmxext, 3dnowpref, lzcnt, sse4a, tsc, tscinvbit, tscinv, bmi1

/proc/cpuinfo:
processor	: 0
vendor_id	: AuthenticAMD
cpu family	: 21
model		: 19
model name	: AMD Athlon(tm) X4 760K Quad Core Processor
stepping	: 1
microcode	: 0x6001119
cpu MHz		: 3800.000
cache size	: 2048 KB
physical id	: 0
siblings	: 4
core id		: 0
cpu cores	: 2
apicid		: 16
initial apicid	: 0
fpu		: yes
fpu_exception	: yes
cpuid level	: 13
wp		: yes
flags		: fpu vme de pse tsc msr pae mce cx8 apic sep mtrr pge mca cmov pat pse36 clflush mmx fxsr sse sse2 ht syscall nx mmxext fxsr_opt pdpe1gb rdtscp lm constant_tsc rep_good nopl nonstop_tsc cpuid extd_apicid aperfmperf pni pclmulqdq monitor ssse3 fma cx16 sse4_1 sse4_2 popcnt aes xsave avx f16c lahf_lm cmp_legacy svm extapic cr8_legacy abm sse4a misalignsse 3dnowprefetch osvw ibs xop skinit wdt lwp fma4 tce nodeid_msr tbm topoext perfctr_core perfctr_nb cpb hw_pstate retpoline retpoline_amd rsb_ctxsw vmmcall bmi1 arat npt lbrv svm_lock nrip_save tsc_scale vmcb_clean flushbyasid decodeassists pausefilter pfthreshold
bugs		: fxsave_leak sysret_ss_attrs null_seg spectre_v1 spectre_v2
bogomips	: 7585.85
TLB size	: 1536 4K pages
clflush size	: 64
cache_alignment	: 64
address sizes	: 48 bits physical, 48 bits virtual
power management: ts ttp tm 100mhzsteps hwpstate cpb eff_freq_ro

processor	: 1
vendor_id	: AuthenticAMD
cpu family	: 21
model		: 19
model name	: AMD Athlon(tm) X4 760K Quad Core Processor
stepping	: 1
microcode	: 0x6001119
cpu MHz		: 2900.000
cache size	: 2048 KB
physical id	: 0
siblings	: 4
core id		: 1
cpu cores	: 2
apicid		: 17
initial apicid	: 1
fpu		: yes
fpu_exception	: yes
cpuid level	: 13
wp		: yes
flags		: fpu vme de pse tsc msr pae mce cx8 apic sep mtrr pge mca cmov pat pse36 clflush mmx fxsr sse sse2 ht syscall nx mmxext fxsr_opt pdpe1gb rdtscp lm constant_tsc rep_good nopl nonstop_tsc cpuid extd_apicid aperfmperf pni pclmulqdq monitor ssse3 fma cx16 sse4_1 sse4_2 popcnt aes xsave avx f16c lahf_lm cmp_legacy svm extapic cr8_legacy abm sse4a misalignsse 3dnowprefetch osvw ibs xop skinit wdt lwp fma4 tce nodeid_msr tbm topoext perfctr_core perfctr_nb cpb hw_pstate retpoline retpoline_amd rsb_ctxsw vmmcall bmi1 arat npt lbrv svm_lock nrip_save tsc_scale vmcb_clean flushbyasid decodeassists pausefilter pfthreshold
bugs		: fxsave_leak sysret_ss_attrs null_seg spectre_v1 spectre_v2
bogomips	: 7585.85
TLB size	: 1536 4K pages
clflush size	: 64
cache_alignment	: 64
address sizes	: 48 bits physical, 48 bits virtual
power management: ts ttp tm 100mhzsteps hwpstate cpb eff_freq_ro

processor	: 2
vendor_id	: AuthenticAMD
cpu family	: 21
model		: 19
model name	: AMD Athlon(tm) X4 760K Quad Core Processor
stepping	: 1
microcode	: 0x6001119
cpu MHz		: 3800.000
cache size	: 2048 KB
physical id	: 0
siblings	: 4
core id		: 2
cpu cores	: 2
apicid		: 18
initial apicid	: 2
fpu		: yes
fpu_exception	: yes
cpuid level	: 13
wp		: yes
flags		: fpu vme de pse tsc msr pae mce cx8 apic sep mtrr pge mca cmov pat pse36 clflush mmx fxsr sse sse2 ht syscall nx mmxext fxsr_opt pdpe1gb rdtscp lm constant_tsc rep_good nopl nonstop_tsc cpuid extd_apicid aperfmperf pni pclmulqdq monitor ssse3 fma cx16 sse4_1 sse4_2 popcnt aes xsave avx f16c lahf_lm cmp_legacy svm extapic cr8_legacy abm sse4a misalignsse 3dnowprefetch osvw ibs xop skinit wdt lwp fma4 tce nodeid_msr tbm topoext perfctr_core perfctr_nb cpb hw_pstate retpoline retpoline_amd rsb_ctxsw vmmcall bmi1 arat npt lbrv svm_lock nrip_save tsc_scale vmcb_clean flushbyasid decodeassists pausefilter pfthreshold
bugs		: fxsave_leak sysret_ss_attrs null_seg spectre_v1 spectre_v2
bogomips	: 7585.85
TLB size	: 1536 4K pages
clflush size	: 64
cache_alignment	: 64
address sizes	: 48 bits physical, 48 bits virtual
power management: ts ttp tm 100mhzsteps hwpstate cpb eff_freq_ro

processor	: 3
vendor_id	: AuthenticAMD
cpu family	: 21
model		: 19
model name	: AMD Athlon(tm) X4 760K Quad Core Processor
stepping	: 1
microcode	: 0x6001119
cpu MHz		: 3800.000
cache size	: 2048 KB
physical id	: 0
siblings	: 4
core id		: 3
cpu cores	: 2
apicid		: 19
initial apicid	: 3
fpu		: yes
fpu_exception	: yes
cpuid level	: 13
wp		: yes
flags		: fpu vme de pse tsc msr pae mce cx8 apic sep mtrr pge mca cmov pat pse36 clflush mmx fxsr sse sse2 ht syscall nx mmxext fxsr_opt pdpe1gb rdtscp lm constant_tsc rep_good nopl nonstop_tsc cpuid extd_apicid aperfmperf pni pclmulqdq monitor ssse3 fma cx16 sse4_1 sse4_2 popcnt aes xsave avx f16c lahf_lm cmp_legacy svm extapic cr8_legacy abm sse4a misalignsse 3dnowprefetch osvw ibs xop skinit wdt lwp fma4 tce nodeid_msr tbm topoext perfctr_core perfctr_nb cpb hw_pstate retpoline retpoline_amd rsb_ctxsw vmmcall bmi1 arat npt lbrv svm_lock nrip_save tsc_scale vmcb_clean flushbyasid decodeassists pausefilter pfthreshold
bugs		: fxsave_leak sysret_ss_attrs null_seg spectre_v1 spectre_v2
bogomips	: 7585.85
TLB size	: 1536 4K pages
clflush size	: 64
cache_alignment	: 64
address sizes	: 48 bits physical, 48 bits virtual
power management: ts ttp tm 100mhzsteps hwpstate cpb eff_freq_ro



Memory: 4k page, physical 8087188k(201764k free), swap 8308732k(7715744k free)

vm_info: OpenJDK 64-Bit Server VM (25.152-b01) for linux-amd64 JRE (1.8.0_152-release-1024-b01), built by "builder" with gcc 4.8.4

time: Thu Sep 13 08:38:42 2018
elapsed time: 3613 seconds (0d 1h 0m 13s)

